<?xml version="1.0" encoding="UTF-8"?>
<!-- Generated by org.testng.reporters.JUnitReportReporter -->
<testsuite hostname="SavitaRathod" failures="0" tests="3" name="testNGExample.TestngExample1" time="0.017" errors="0" timestamp="2023-05-19T18:03:57 IST" skipped="0">
  <testcase classname="testNGExample.TestngExample1" name="tc1" time="0.012"/>
  <system-out/>
  <testcase classname="testNGExample.TestngExample1" name="tc2" time="0.003"/>
  <system-out/>
  <testcase classname="testNGExample.TestngExample1" name="tc3" time="0.002"/>
  <system-out/>
</testsuite> <!-- testNGExample.TestngExample1 -->
