<?xml version="1.0" encoding="UTF-8"?>
<!-- Generated by org.testng.reporters.JUnitReportReporter -->
<testsuite hostname="SavitaRathod" failures="0" tests="1" name="testNGExample.Example1" time="0.020" errors="0" timestamp="2023-05-19T17:55:48 IST" skipped="0">
  <testcase classname="testNGExample.Example1" name="testCase1" time="0.020"/>
  <system-out/>
</testsuite> <!-- testNGExample.Example1 -->
