<?xml version="1.0" encoding="UTF-8"?>
<!-- Generated by org.testng.reporters.JUnitReportReporter -->
<testsuite hostname="SavitaRathod" failures="0" tests="4" name="testNGExample.TestngExample2" time="0.020" errors="0" timestamp="2023-05-19T18:12:52 IST" skipped="2">
  <testcase classname="testNGExample.TestngExample2" name="testCase2" time="0.016"/>
  <system-out/>
  <testcase classname="testNGExample.TestngExample2" name="testCase3" time="0.004"/>
  <system-out/>
  <testcase classname="testNGExample.TestngExample2" name="testCase1">
    <skipped/>
  </testcase> <!-- testCase1 -->
  <system-out/>
  <testcase classname="testNGExample.TestngExample2" name="testCase4">
    <skipped/>
  </testcase> <!-- testCase4 -->
  <system-out/>
</testsuite> <!-- testNGExample.TestngExample2 -->
