<?xml version="1.0" encoding="UTF-8"?>
<!-- Generated by org.testng.reporters.JUnitReportReporter -->
<testsuite hostname="SavitaRathod" failures="0" tests="6" name="testNGExample.TestngExample4" time="0.028" errors="0" timestamp="2023-05-19T18:07:10 IST" skipped="0">
  <testcase classname="testNGExample.TestngExample4" name="testSignIN" time="0.003"/>
  <system-out/>
  <testcase classname="testNGExample.TestngExample4" name="testSignIN" time="0.002"/>
  <system-out/>
  <testcase classname="testNGExample.TestngExample4" name="testSignIN" time="0.001"/>
  <system-out/>
  <testcase classname="testNGExample.TestngExample4" name="testSignIN" time="0.002"/>
  <system-out/>
  <testcase classname="testNGExample.TestngExample4" name="testSignIN" time="0.002"/>
  <system-out/>
  <testcase classname="testNGExample.TestngExample4" name="testSignIN" time="0.018"/>
  <system-out/>
</testsuite> <!-- testNGExample.TestngExample4 -->
