<?xml version="1.0" encoding="UTF-8"?>
<!-- Generated by org.testng.reporters.JUnitReportReporter -->
<testsuite hostname="SavitaRathod" failures="0" tests="4" name="testNGExample.TestngExample3" time="0.034" errors="0" timestamp="2023-05-19T18:18:52 IST" skipped="0">
  <testcase classname="testNGExample.TestngExample3" name="testCase1" time="0.017"/>
  <system-out/>
  <testcase classname="testNGExample.TestngExample3" name="testCase3" time="0.011"/>
  <system-out/>
  <testcase classname="testNGExample.TestngExample3" name="testCase2" time="0.004"/>
  <system-out/>
  <testcase classname="testNGExample.TestngExample3" name="testCase4" time="0.002"/>
  <system-out/>
</testsuite> <!-- testNGExample.TestngExample3 -->
